<?xml version="1.0" encoding="UTF-8"?>
<!-- Generated by org.testng.reporters.JUnitXMLReporter -->
<testsuite hostname="DESKTOP-MEGCP4U" ignored="0" name="Default test" tests="34" failures="0" timestamp="2021-11-19T18:25:03 IST" time="0.26" errors="0">
  <testcase name="@BeforeTest setup" time="0.115" classname="tnm_review_main.CreateRequest">
    <failure type="java.lang.IllegalStateException" message="The driver executable does not exist: C:\Users\SriSwathiAnushaNulu\git\Prod_CSATM_Sanity_Script-\geckodriver">
      <![CDATA[java.lang.IllegalStateException: The driver executable does not exist: C:\Users\SriSwathiAnushaNulu\git\Prod_CSATM_Sanity_Script-\geckodriver
at com.google.common.base.Preconditions.checkState(Preconditions.java:518)
at org.openqa.selenium.remote.service.DriverService.checkExecutable(DriverService.java:146)
at org.openqa.selenium.remote.service.DriverService.findExecutable(DriverService.java:141)
at org.openqa.selenium.firefox.GeckoDriverService.access$100(GeckoDriverService.java:44)
at org.openqa.selenium.firefox.GeckoDriverService$Builder.findDefaultExecutable(GeckoDriverService.java:167)
at org.openqa.selenium.remote.service.DriverService$Builder.build(DriverService.java:355)
at org.openqa.selenium.firefox.FirefoxDriver.toExecutor(FirefoxDriver.java:190)
at org.openqa.selenium.firefox.FirefoxDriver.<init>(FirefoxDriver.java:147)
at tnm_review_main.CreateRequest.setup(CreateRequest.java:52)
at sun.reflect.NativeMethodAccessorImpl.invoke0(Native Method)
at sun.reflect.NativeMethodAccessorImpl.invoke(NativeMethodAccessorImpl.java:62)
at sun.reflect.DelegatingMethodAccessorImpl.invoke(DelegatingMethodAccessorImpl.java:43)
at java.lang.reflect.Method.invoke(Method.java:498)
at org.testng.internal.MethodInvocationHelper.invokeMethod(MethodInvocationHelper.java:132)
at org.testng.internal.MethodInvocationHelper.invokeMethodConsideringTimeout(MethodInvocationHelper.java:61)
at org.testng.internal.ConfigInvoker.invokeConfigurationMethod(ConfigInvoker.java:366)
at org.testng.internal.ConfigInvoker.invokeConfigurations(ConfigInvoker.java:320)
at org.testng.TestRunner.invokeTestConfigurations(TestRunner.java:617)
at org.testng.TestRunner.beforeRun(TestRunner.java:607)
at org.testng.TestRunner.run(TestRunner.java:578)
at org.testng.SuiteRunner.runTest(SuiteRunner.java:384)
at org.testng.SuiteRunner.runSequentially(SuiteRunner.java:378)
at org.testng.SuiteRunner.privateRun(SuiteRunner.java:337)
at org.testng.SuiteRunner.run(SuiteRunner.java:286)
at org.testng.SuiteRunnerWorker.runSuite(SuiteRunnerWorker.java:53)
at org.testng.SuiteRunnerWorker.run(SuiteRunnerWorker.java:96)
at org.testng.TestNG.runSuitesSequentially(TestNG.java:1218)
at org.testng.TestNG.runSuitesLocally(TestNG.java:1140)
at org.testng.TestNG.runSuites(TestNG.java:1069)
at org.testng.TestNG.run(TestNG.java:1037)
at org.testng.remote.AbstractRemoteTestNG.run(AbstractRemoteTestNG.java:115)
at org.testng.remote.RemoteTestNG.initAndRun(RemoteTestNG.java:251)
at org.testng.remote.RemoteTestNG.main(RemoteTestNG.java:77)
]]>
    </failure>
  </testcase> <!-- @BeforeTest setup -->
  <testcase name="RIPC_Login" time="0.0" classname="tnm_review_main.CreateRequest">
    <skipped/>
  </testcase> <!-- RIPC_Login -->
  <testcase name="create_req" time="0.0" classname="tnm_review_main.CreateRequest">
    <skipped/>
  </testcase> <!-- create_req -->
  <testcase name="skill_req" time="0.0" classname="tnm_review_main.CreateRequest">
    <skipped/>
  </testcase> <!-- skill_req -->
  <testcase name="select_requestor" time="0.0" classname="tnm_review_main.CreateRequest">
    <skipped/>
  </testcase> <!-- select_requestor -->
  <testcase name="select_jrss" time="0.0" classname="tnm_review_main.CreateRequest">
    <skipped/>
  </testcase> <!-- select_jrss -->
  <testcase name="req_details" time="0.0" classname="tnm_review_main.CreateRequest">
    <skipped/>
  </testcase> <!-- req_details -->
  <testcase name="loc_details" time="0.0" classname="tnm_review_main.CreateRequest">
    <skipped/>
  </testcase> <!-- loc_details -->
  <testcase name="alert_call" time="0.0" classname="tnm_review_main.CreateRequest">
    <skipped/>
  </testcase> <!-- alert_call -->
  <testcase name="rates_details" time="0.0" classname="tnm_review_main.CreateRequest">
    <skipped/>
  </testcase> <!-- rates_details -->
  <testcase name="sup_slection" time="0.0" classname="tnm_review_main.CreateRequest">
    <skipped/>
  </testcase> <!-- sup_slection -->
  <testcase name="switching_insta" time="0.0" classname="tnm_review_main.CreateRequest">
    <skipped/>
  </testcase> <!-- switching_insta -->
  <testcase name="create_req_GB" time="0.0" classname="tnm_review_main.CreateRequest">
    <skipped/>
  </testcase> <!-- create_req_GB -->
  <testcase name="switch_cntry" time="0.0" classname="tnm_review_main.CreateRequest">
    <skipped/>
  </testcase> <!-- switch_cntry -->
  <testcase name="skill_req_GB" time="0.0" classname="tnm_review_main.CreateRequest">
    <skipped/>
  </testcase> <!-- skill_req_GB -->
  <testcase name="chang_requestor" time="0.0" classname="tnm_review_main.CreateRequest">
    <skipped/>
  </testcase> <!-- chang_requestor -->
  <testcase name="select_requestor_GB" time="0.0" classname="tnm_review_main.CreateRequest">
    <skipped/>
  </testcase> <!-- select_requestor_GB -->
  <testcase name="select_jrss_GB" time="0.0" classname="tnm_review_main.CreateRequest">
    <skipped/>
  </testcase> <!-- select_jrss_GB -->
  <testcase name="req_details_GB" time="0.0" classname="tnm_review_main.CreateRequest">
    <skipped/>
  </testcase> <!-- req_details_GB -->
  <testcase name="loc_details_GB" time="0.0" classname="tnm_review_main.CreateRequest">
    <skipped/>
  </testcase> <!-- loc_details_GB -->
  <testcase name="alert_call_GB" time="0.0" classname="tnm_review_main.CreateRequest">
    <skipped/>
  </testcase> <!-- alert_call_GB -->
  <testcase name="rates_details_GB" time="0.0" classname="tnm_review_main.CreateRequest">
    <skipped/>
  </testcase> <!-- rates_details_GB -->
  <testcase name="sup_slection_GB" time="0.0" classname="tnm_review_main.CreateRequest">
    <skipped/>
  </testcase> <!-- sup_slection_GB -->
  <testcase name="switching_inst_US" time="0.0" classname="tnm_review_main.CreateRequest">
    <skipped/>
  </testcase> <!-- switching_inst_US -->
  <testcase name="create_req_US" time="0.0" classname="tnm_review_main.CreateRequest">
    <skipped/>
  </testcase> <!-- create_req_US -->
  <testcase name="switch_cntry_US" time="0.0" classname="tnm_review_main.CreateRequest">
    <skipped/>
  </testcase> <!-- switch_cntry_US -->
  <testcase name="skill_req_US" time="0.0" classname="tnm_review_main.CreateRequest">
    <skipped/>
  </testcase> <!-- skill_req_US -->
  <testcase name="chang_requestor_US" time="0.0" classname="tnm_review_main.CreateRequest">
    <skipped/>
  </testcase> <!-- chang_requestor_US -->
  <testcase name="select_requestor_US" time="0.0" classname="tnm_review_main.CreateRequest">
    <skipped/>
  </testcase> <!-- select_requestor_US -->
  <testcase name="select_jrss_US" time="0.0" classname="tnm_review_main.CreateRequest">
    <skipped/>
  </testcase> <!-- select_jrss_US -->
  <testcase name="req_details_US" time="0.0" classname="tnm_review_main.CreateRequest">
    <skipped/>
  </testcase> <!-- req_details_US -->
  <testcase name="loc_details_US" time="0.0" classname="tnm_review_main.CreateRequest">
    <skipped/>
  </testcase> <!-- loc_details_US -->
  <testcase name="alert_call_US" time="0.0" classname="tnm_review_main.CreateRequest">
    <skipped/>
  </testcase> <!-- alert_call_US -->
  <testcase name="rates_details_US" time="0.0" classname="tnm_review_main.CreateRequest">
    <skipped/>
  </testcase> <!-- rates_details_US -->
  <testcase name="sup_slection_US" time="0.0" classname="tnm_review_main.CreateRequest">
    <skipped/>
  </testcase> <!-- sup_slection_US -->
</testsuite> <!-- Default test -->
